<?xml version="1.0" encoding="UTF-8"?>
<!-- Generated by org.testng.reporters.JUnitXMLReporter -->
<testsuite hostname="AS" ignored="0" name="Test" tests="15" failures="0" timestamp="22 ene 2019 17:26:35 GMT" time="158.391" errors="0">
  <testcase name="testLogOutOk" time="4.141" classname="entregaFinal.LogOutTest"/>
  <testcase name="testRegisterOk" time="5.904" classname="entregaFinal.RegisterTest"/>
  <testcase name="testRegisterOk" time="5.292" classname="entregaFinal.RegisterTest"/>
  <testcase name="testRegisterOk" time="5.756" classname="entregaFinal.RegisterTest"/>
  <testcase name="testRegisterOk" time="5.688" classname="entregaFinal.RegisterTest"/>
  <testcase name="testRegisterOk" time="5.739" classname="entregaFinal.RegisterTest"/>
  <testcase name="test" time="1.203" classname="entregaFinal.SearchTest"/>
  <testcase name="test" time="1.257" classname="entregaFinal.SearchTest"/>
  <testcase name="test" time="1.189" classname="entregaFinal.SearchTest"/>
  <testcase name="test" time="1.295" classname="entregaFinal.SearchTest"/>
  <testcase name="test" time="1.676" classname="entregaFinal.SearchTest"/>
  <testcase name="addProductToCartTest" time="0.498" classname="entregaFinal.AddToCartTest"/>
  <testcase name="vaciarElCarroTest" time="4.01" classname="entregaFinal.EmptyCartTest"/>
  <testcase name="testLoginOk" time="2.762" classname="entregaFinal.LoginTest"/>
  <testcase name="testLoginNotOk" time="2.235" classname="entregaFinal.LoginTest"/>
</testsuite> <!-- Test -->
