<?xml version="1.0" encoding="UTF-8"?>
<!-- Generated by org.testng.reporters.JUnitXMLReporter -->
<testsuite hostname="AS" ignored="0" name="Test" tests="11" failures="4" timestamp="11 abr 2019 22:31:35 GMT" time="66.719" errors="0">
  <testcase name="testLogOutOk" time="0.849" classname="entregaFinal.LogOutTest">
    <failure type="org.testng.internal.reflect.MethodMatcherException" message="
Data provider mismatch
Method: testLogOutOk([Parameter{index=0, type=java.lang.String, declaredAnnotations=[]}, Parameter{index=1, type=java.lang.String, declaredAnnotations=[]}])
Arguments: [(java.lang.String) fraga@dispostable.com,(java.lang.Double) 1234.0]">
      <![CDATA[org.testng.internal.reflect.MethodMatcherException: 
Data provider mismatch
Method: testLogOutOk([Parameter{index=0, type=java.lang.String, declaredAnnotations=[]}, Parameter{index=1, type=java.lang.String, declaredAnnotations=[]}])
Arguments: [(java.lang.String) fraga@dispostable.com,(java.lang.Double) 1234.0]
... Removed 20 stack frames]]>
    </failure>
  </testcase> <!-- testLogOutOk -->
  <testcase name="testRegisterOk" time="0.284" classname="entregaFinal.RegisterTest">
    <failure type="org.testng.internal.reflect.MethodMatcherException" message="
Data provider mismatch
Method: testRegisterOk([Parameter{index=0, type=java.lang.String, declaredAnnotations=[]}, Parameter{index=1, type=java.lang.String, declaredAnnotations=[]}, Parameter{index=2, type=java.lang.String, declaredAnnotations=[]}, Parameter{index=3, type=java.lang.String, declaredAnnotations=[]}, Parameter{index=4, type=java.lang.String, declaredAnnotations=[]}, Parameter{index=5, type=java.lang.String, declaredAnnotations=[]}, Parameter{index=6, type=java.lang.String, declaredAnnotations=[]}, Parameter{index=7, type=java.lang.String, declaredAnnotations=[]}, Parameter{index=8, type=java.lang.String, declaredAnnotations=[]}, Parameter{index=9, type=java.lang.String, declaredAnnotations=[]}, Parameter{index=10, type=java.lang.String, declaredAnnotations=[]}])
Arguments: [(java.lang.String) Miguel,(java.lang.String) hans,(java.lang.String) hans161@dispostable.com,(java.lang.Double) 9.9362533E7,(java.lang.String) Rondeau 1843,(java.lang.String) Montevideo,(java.lang.Double) 18800.0,(java.lang.String) Uruguay,(java.lang.String) Montevideo,(java.lang.Double) 1234.0,(java.lang.Double) 1234.0]">
      <![CDATA[org.testng.internal.reflect.MethodMatcherException: 
Data provider mismatch
Method: testRegisterOk([Parameter{index=0, type=java.lang.String, declaredAnnotations=[]}, Parameter{index=1, type=java.lang.String, declaredAnnotations=[]}, Parameter{index=2, type=java.lang.String, declaredAnnotations=[]}, Parameter{index=3, type=java.lang.String, declaredAnnotations=[]}, Parameter{index=4, type=java.lang.String, declaredAnnotations=[]}, Parameter{index=5, type=java.lang.String, declaredAnnotations=[]}, Parameter{index=6, type=java.lang.String, declaredAnnotations=[]}, Parameter{index=7, type=java.lang.String, declaredAnnotations=[]}, Parameter{index=8, type=java.lang.String, declaredAnnotations=[]}, Parameter{index=9, type=java.lang.String, declaredAnnotations=[]}, Parameter{index=10, type=java.lang.String, declaredAnnotations=[]}])
Arguments: [(java.lang.String) Miguel,(java.lang.String) hans,(java.lang.String) hans161@dispostable.com,(java.lang.Double) 9.9362533E7,(java.lang.String) Rondeau 1843,(java.lang.String) Montevideo,(java.lang.Double) 18800.0,(java.lang.String) Uruguay,(java.lang.String) Montevideo,(java.lang.Double) 1234.0,(java.lang.Double) 1234.0]
... Removed 20 stack frames]]>
    </failure>
  </testcase> <!-- testRegisterOk -->
  <testcase name="test" time="1.612" classname="entregaFinal.SearchTest"/>
  <testcase name="test" time="1.243" classname="entregaFinal.SearchTest"/>
  <testcase name="test" time="1.36" classname="entregaFinal.SearchTest"/>
  <testcase name="test" time="1.435" classname="entregaFinal.SearchTest"/>
  <testcase name="test" time="1.715" classname="entregaFinal.SearchTest"/>
  <testcase name="addProductToCartTest" time="0.509" classname="entregaFinal.AddToCartTest"/>
  <testcase name="vaciarElCarroTest" time="4.239" classname="entregaFinal.EmptyCartTest"/>
  <testcase name="testLoginOk" time="0.036" classname="entregaFinal.LoginTest">
    <failure type="org.testng.internal.reflect.MethodMatcherException" message="
Data provider mismatch
Method: testLoginOk([Parameter{index=0, type=java.lang.String, declaredAnnotations=[]}, Parameter{index=1, type=java.lang.String, declaredAnnotations=[]}])
Arguments: [(java.lang.String) fraga@dispostable.com,(java.lang.Double) 1234.0]">
      <![CDATA[org.testng.internal.reflect.MethodMatcherException: 
Data provider mismatch
Method: testLoginOk([Parameter{index=0, type=java.lang.String, declaredAnnotations=[]}, Parameter{index=1, type=java.lang.String, declaredAnnotations=[]}])
Arguments: [(java.lang.String) fraga@dispostable.com,(java.lang.Double) 1234.0]
... Removed 20 stack frames]]>
    </failure>
  </testcase> <!-- testLoginOk -->
  <testcase name="testLoginNotOk" time="0.028" classname="entregaFinal.LoginTest">
    <failure type="org.testng.internal.reflect.MethodMatcherException" message="
Data provider mismatch
Method: testLoginNotOk([Parameter{index=0, type=java.lang.String, declaredAnnotations=[]}, Parameter{index=1, type=java.lang.String, declaredAnnotations=[]}])
Arguments: [(java.lang.String) ale2019@dispostable.com,(java.lang.Double) 4321.0]">
      <![CDATA[org.testng.internal.reflect.MethodMatcherException: 
Data provider mismatch
Method: testLoginNotOk([Parameter{index=0, type=java.lang.String, declaredAnnotations=[]}, Parameter{index=1, type=java.lang.String, declaredAnnotations=[]}])
Arguments: [(java.lang.String) ale2019@dispostable.com,(java.lang.Double) 4321.0]
... Removed 20 stack frames]]>
    </failure>
  </testcase> <!-- testLoginNotOk -->
</testsuite> <!-- Test -->
