<?xml version="1.0" encoding="UTF-8"?>
<testng-results skipped="0" failed="0" ignored="0" total="2" passed="2">
  <reporter-output>
  </reporter-output>
  <suite name="Default suite" duration-ms="21907" started-at="2019-04-12T01:02:06Z" finished-at="2019-04-12T01:02:28Z">
    <groups>
    </groups>
    <test name="Default test" duration-ms="21907" started-at="2019-04-12T01:02:06Z" finished-at="2019-04-12T01:02:28Z">
      <class name="entregaFinal.LoginTest">
        <test-method status="PASS" signature="setUp()[pri:0, instance:entregaFinal.LoginTest@5fcd892a]" name="setUp" is-config="true" duration-ms="7989" started-at="2019-04-12T01:02:07Z" finished-at="2019-04-12T01:02:15Z">
          <reporter-output>
          </reporter-output>
        </test-method> <!-- setUp -->
        <test-method status="PASS" signature="testLoginOk(java.lang.String, java.lang.String)[pri:1, instance:entregaFinal.LoginTest@5fcd892a]" name="testLoginOk" duration-ms="2732" started-at="2019-04-12T01:02:15Z" data-provider="testDataLogin" finished-at="2019-04-12T01:02:17Z">
          <params>
            <param index="0">
              <value>
                <![CDATA[fraga@dispostable.com]]>
              </value>
            </param>
            <param index="1">
              <value>
                <![CDATA[1234]]>
              </value>
            </param>
          </params>
          <reporter-output>
          </reporter-output>
        </test-method> <!-- testLoginOk -->
        <test-method status="PASS" signature="tearDown()[pri:0, instance:entregaFinal.LoginTest@5fcd892a]" name="tearDown" is-config="true" duration-ms="731" started-at="2019-04-12T01:02:17Z" finished-at="2019-04-12T01:02:18Z">
          <reporter-output>
          </reporter-output>
        </test-method> <!-- tearDown -->
        <test-method status="PASS" signature="setUp()[pri:0, instance:entregaFinal.LoginTest@5fcd892a]" name="setUp" is-config="true" duration-ms="6401" started-at="2019-04-12T01:02:18Z" finished-at="2019-04-12T01:02:25Z">
          <reporter-output>
          </reporter-output>
        </test-method> <!-- setUp -->
        <test-method status="PASS" signature="testLoginNotOk(java.lang.String, java.lang.String)[pri:2, instance:entregaFinal.LoginTest@5fcd892a]" name="testLoginNotOk" duration-ms="2423" started-at="2019-04-12T01:02:25Z" data-provider="testDataIncorrectLogin" finished-at="2019-04-12T01:02:27Z">
          <params>
            <param index="0">
              <value>
                <![CDATA[ale2019@dispostable.com]]>
              </value>
            </param>
            <param index="1">
              <value>
                <![CDATA[4321]]>
              </value>
            </param>
          </params>
          <reporter-output>
          </reporter-output>
        </test-method> <!-- testLoginNotOk -->
        <test-method status="PASS" signature="tearDown()[pri:0, instance:entregaFinal.LoginTest@5fcd892a]" name="tearDown" is-config="true" duration-ms="730" started-at="2019-04-12T01:02:27Z" finished-at="2019-04-12T01:02:28Z">
          <reporter-output>
          </reporter-output>
        </test-method> <!-- tearDown -->
      </class> <!-- entregaFinal.LoginTest -->
    </test> <!-- Default test -->
  </suite> <!-- Default suite -->
</testng-results>
